352  sound.SoundGUI: (2012-12-18, 20:01:29:350) -- (INFO ) Program started. Logger available and configured.
352  sound.SoundGUI: (2012-12-18, 20:04:29:502) -- (INFO ) Program started. Logger available and configured.
279  sound.SoundGUI: (2012-12-18, 20:04:33:028) -- (INFO ) Open File dialog box shown.
284  sound.SoundGUI: (2012-12-18, 20:04:35:695) -- (INFO ) File selected.
352  sound.SoundGUI: (2012-12-18, 20:05:35:824) -- (INFO ) Program started. Logger available and configured.
559  trial.NewSoundGUI: (2012-12-18, 20:08:50:917) -- (INFO ) Program started. Logger available and configured.
463  trial.NewSoundGUI: (2012-12-18, 20:08:57:297) -- (INFO ) Open File dialog box shown.
468  trial.NewSoundGUI: (2012-12-18, 20:09:00:558) -- (INFO ) File selected.
482  trial.NewSoundGUI: (2012-12-18, 20:09:01:697) -- (INFO ) AudioWorker running...
377  trial.NewSoundGUI: (2012-12-18, 20:09:01:712) -- (INFO ) Clip initializing for the first time.
482  trial.NewSoundGUI: (2012-12-18, 20:09:07:968) -- (INFO ) AudioWorker running...
416  trial.NewSoundGUI: (2012-12-18, 20:09:07:983) -- (INFO ) Clip restarted from last pause position.
419  trial.NewSoundGUI: (2012-12-18, 20:09:07:983) -- (INFO ) Waiting for Clip to finish...
497  trial.NewSoundGUI: (2012-12-18, 20:09:20:133) -- (INFO ) Clip paused.
482  trial.NewSoundGUI: (2012-12-18, 20:09:22:805) -- (INFO ) AudioWorker running...
416  trial.NewSoundGUI: (2012-12-18, 20:09:22:808) -- (INFO ) Clip restarted from last pause position.
419  trial.NewSoundGUI: (2012-12-18, 20:09:22:810) -- (INFO ) Waiting for Clip to finish...
491  trial.NewSoundGUI: (2012-12-18, 20:09:53:344) -- (INFO ) Clip stopped and rewinded.
463  trial.NewSoundGUI: (2012-12-18, 20:09:55:474) -- (INFO ) Open File dialog box shown.
468  trial.NewSoundGUI: (2012-12-18, 20:09:57:929) -- (INFO ) File selected.
503  trial.NewSoundGUI: (2012-12-18, 20:10:01:536) -- (INFO ) Exiting application...
573  trial.NewSoundGUI: (2013-01-03, 10:48:04:454) -- (INFO ) Program started. Logger available and configured.
478  trial.NewSoundGUI: (2013-01-03, 10:48:10:775) -- (INFO ) Open File dialog box shown.
483  trial.NewSoundGUI: (2013-01-03, 10:48:14:075) -- (INFO ) File selected.
496  trial.NewSoundGUI: (2013-01-03, 10:48:15:573) -- (INFO ) AudioWorker running...
382  trial.NewSoundGUI: (2013-01-03, 10:48:15:581) -- (INFO ) Clip initializing for the first time.
496  trial.NewSoundGUI: (2013-01-03, 10:48:19:132) -- (INFO ) AudioWorker running...
421  trial.NewSoundGUI: (2013-01-03, 10:48:19:137) -- (INFO ) Clip restarted from last pause position.
424  trial.NewSoundGUI: (2013-01-03, 10:48:19:146) -- (INFO ) Waiting for Clip to finish...
511  trial.NewSoundGUI: (2013-01-03, 10:48:31:907) -- (INFO ) Clip paused.
573  trial.NewSoundGUI: (2013-01-03, 10:52:57:650) -- (INFO ) Program started. Logger available and configured.
478  trial.NewSoundGUI: (2013-01-03, 10:53:00:177) -- (INFO ) Open File dialog box shown.
483  trial.NewSoundGUI: (2013-01-03, 10:53:03:392) -- (INFO ) File selected.
496  trial.NewSoundGUI: (2013-01-03, 10:53:04:692) -- (INFO ) AudioWorker running...
382  trial.NewSoundGUI: (2013-01-03, 10:53:04:697) -- (INFO ) Clip initializing for the first time.
496  trial.NewSoundGUI: (2013-01-03, 10:53:06:476) -- (INFO ) AudioWorker running...
421  trial.NewSoundGUI: (2013-01-03, 10:53:06:481) -- (INFO ) Clip restarted from last pause position.
424  trial.NewSoundGUI: (2013-01-03, 10:53:06:489) -- (INFO ) Waiting for Clip to finish...
511  trial.NewSoundGUI: (2013-01-03, 10:53:12:404) -- (INFO ) Clip paused.
496  trial.NewSoundGUI: (2013-01-03, 10:53:13:771) -- (INFO ) AudioWorker running...
421  trial.NewSoundGUI: (2013-01-03, 10:53:13:777) -- (INFO ) Clip restarted from last pause position.
424  trial.NewSoundGUI: (2013-01-03, 10:53:13:785) -- (INFO ) Waiting for Clip to finish...
505  trial.NewSoundGUI: (2013-01-03, 10:53:24:680) -- (INFO ) Clip stopped and rewinded.
496  trial.NewSoundGUI: (2013-01-03, 10:53:26:042) -- (INFO ) AudioWorker running...
421  trial.NewSoundGUI: (2013-01-03, 10:53:26:047) -- (INFO ) Clip restarted from last pause position.
424  trial.NewSoundGUI: (2013-01-03, 10:53:26:050) -- (INFO ) Waiting for Clip to finish...
570  trial.NewSoundGUI: (2013-01-03, 10:56:10:398) -- (INFO ) Program started. Logger available and configured.
475  trial.NewSoundGUI: (2013-01-03, 10:56:13:202) -- (INFO ) Open File dialog box shown.
480  trial.NewSoundGUI: (2013-01-03, 10:56:16:007) -- (INFO ) File selected.
493  trial.NewSoundGUI: (2013-01-03, 10:56:17:222) -- (INFO ) AudioWorker running...
382  trial.NewSoundGUI: (2013-01-03, 10:56:17:227) -- (INFO ) Clip initializing for the first time.
493  trial.NewSoundGUI: (2013-01-03, 10:56:18:310) -- (INFO ) AudioWorker running...
424  trial.NewSoundGUI: (2013-01-03, 10:56:18:312) -- (INFO ) Clip restarted from last pause position.
426  trial.NewSoundGUI: (2013-01-03, 10:56:18:314) -- (INFO ) Waiting for Clip to finish...
508  trial.NewSoundGUI: (2013-01-03, 10:56:27:582) -- (INFO ) Clip paused.
493  trial.NewSoundGUI: (2013-01-03, 10:56:28:917) -- (INFO ) AudioWorker running...
424  trial.NewSoundGUI: (2013-01-03, 10:56:28:918) -- (INFO ) Clip restarted from last pause position.
426  trial.NewSoundGUI: (2013-01-03, 10:56:28:920) -- (INFO ) Waiting for Clip to finish...
